{
"yum": [
    "wget",
	"ncurses",
	"ncurses-devel",
	"zlib",
    "zlib-devel",
	"freetype",
	"freetype-devel",
    "readline",
	"readline-devel",
	"openssl",
    "openssl-devel",
	"libpng",
	"libpng-devel",
    "ImageMagick",
	"java-1.7.0-openjdk",
    "bzip2",
	"bzip2-devel",
	"autoconf",
	"automake",
	"binutils",
	"bison",
	"flex",
	"gcc",
	"gcc-c++",
	"gettext",
	"libtool",
	"make",
	"patch",
	"pkgconfig",
	"redhat-rpm-config",
	"rpm-build",
	"byacc",
	"cscope",
	"ctags",
	"cvs",
	"diffstat",
	"doxygen",
	"elfutils",
	"gcc-gfortran",
	"git",
	"indent",
	"intltool",
	"patchutils",
	"rcs",
	"subversion",
	"swig",
	"systemtap",
    "python-devel"
],
"apt-get": [
    "build-essential",
	"libncurses5",
	"libncurses5-dev",
    "zlib1g",
	"zlib1g-dev",
	"libpango1.0-0",
	"libpango1.0-dev",
    "libreadline6",
	"libreadline6-dev",
	"openssl",
	"libssl-dev",
    "unzip",
	"imagemagick",
	"libpng12-dev",
	"default-jre",
	"libbz2-dev",
    "python-dev"
],
"pacman": [
    "base-devel",
    "ncurses",
    "zlib",
    "pango",
    "readline",
    "openssl",
    "unzip",
    "imagemagick",
    "libpng",
    "jre7-openjdk",
    "bzip2",
    "bc",
    "time"
]
}
